Build started 9.12.2015 20:42:35.
     1>Project "c:\Users\pc\documents\visual studio 2013\Projects\Hesap makinesi\Hesap makinesi\Hesap makinesi.vcxproj" on node 2 (Build target(s)).
     1>ClCompile:
         C:\Program Files (x86)\Microsoft Visual Studio 12.0\VC\bin\CL.exe /c /ZI /nologo /W3 /WX- /sdl /Od /Oy- /D "WIN32" /D _DEBUG /D _CONSOLE /D "_LIB" /D "_UNICODE" /D "UNICODE" /Gm /EHsc /RTC1 /MDd /GS /fp:precise /Zc:wchar_t /Zc:forScope /Yu"stdafx.h" /Fp"Debug\Hesap makinesi.pch" /Fo"Debug\\" /Fd"Debug\vc120.pdb" /Gd /TP /analyze- /errorReport:prompt "Hesap makinesi.cpp"
         Hesap makinesi.cpp
     1>c:\users\pc\documents\visual studio 2013\projects\hesap makinesi\hesap makinesi\hesap makinesi.cpp(25): warning C4244: '=' : conversion from 'int' to 'float', possible loss of data
     1>c:\users\pc\documents\visual studio 2013\projects\hesap makinesi\hesap makinesi\hesap makinesi.cpp(57): warning C4244: 'argument' : conversion from 'float' to 'int', possible loss of data
     1>c:\users\pc\documents\visual studio 2013\projects\hesap makinesi\hesap makinesi\hesap makinesi.cpp(61): warning C4244: 'argument' : conversion from 'float' to 'int', possible loss of data
     1>c:\users\pc\documents\visual studio 2013\projects\hesap makinesi\hesap makinesi\hesap makinesi.cpp(65): warning C4244: 'argument' : conversion from 'float' to 'int', possible loss of data
     1>c:\users\pc\documents\visual studio 2013\projects\hesap makinesi\hesap makinesi\hesap makinesi.cpp(69): warning C4244: 'argument' : conversion from 'float' to 'int', possible loss of data
     1>c:\users\pc\documents\visual studio 2013\projects\hesap makinesi\hesap makinesi\hesap makinesi.cpp(73): warning C4244: 'argument' : conversion from 'float' to 'int', possible loss of data
     1>c:\users\pc\documents\visual studio 2013\projects\hesap makinesi\hesap makinesi\hesap makinesi.cpp(74): warning C4244: 'argument' : conversion from 'float' to 'int', possible loss of data
     1>c:\users\pc\documents\visual studio 2013\projects\hesap makinesi\hesap makinesi\hesap makinesi.cpp(78): warning C4244: 'argument' : conversion from 'float' to 'int', possible loss of data
     1>c:\users\pc\documents\visual studio 2013\projects\hesap makinesi\hesap makinesi\hesap makinesi.cpp(45): warning C4101: 'sonuc' : unreferenced local variable
       Link:
         C:\Program Files (x86)\Microsoft Visual Studio 12.0\VC\bin\link.exe /ERRORREPORT:PROMPT /OUT:"c:\users\pc\documents\visual studio 2013\Projects\Hesap makinesi\Debug\Hesap makinesi.exe" /INCREMENTAL /NOLOGO kernel32.lib user32.lib gdi32.lib winspool.lib comdlg32.lib advapi32.lib shell32.lib ole32.lib oleaut32.lib uuid.lib odbc32.lib odbccp32.lib /MANIFEST /MANIFESTUAC:"level='asInvoker' uiAccess='false'" /manifest:embed /DEBUG /PDB:"c:\users\pc\documents\visual studio 2013\Projects\Hesap makinesi\Debug\Hesap makinesi.pdb" /SUBSYSTEM:CONSOLE /TLBID:1 /DYNAMICBASE /NXCOMPAT /IMPLIB:"c:\users\pc\documents\visual studio 2013\Projects\Hesap makinesi\Debug\Hesap makinesi.lib" /MACHINE:X86 "Debug\Hesap makinesi.obj"
         Debug\stdafx.obj
         Hesap makinesi.vcxproj -> c:\users\pc\documents\visual studio 2013\Projects\Hesap makinesi\Debug\Hesap makinesi.exe
     1>Done Building Project "c:\Users\pc\documents\visual studio 2013\Projects\Hesap makinesi\Hesap makinesi\Hesap makinesi.vcxproj" (Build target(s)).

Build succeeded.

Time Elapsed 00:00:01.59
